<?xml version="1.0" encoding="UTF-8"?>
<testsuite name="Academy Choucair" tests="1" skipped="0" failures="1" errors="0" timestamp="2020-12-04T03:40:05" hostname="LMEBHERRERA" time="61.386">
  <properties/>
  <testcase name="Search for a automation course" classname="Academy Choucair" time="61.386">
    <failure message="java.lang.AssertionError: &#10;Expected: an element that is visible&#10;     but: no matching element found by xpath: p[text()='Usted no tiene permiso para ver esta lista de cursos.']" type="java.lang.AssertionError">java.lang.AssertionError: 
Expected: an element that is visible
     but: no matching element found by xpath: p[text()='Usted no tiene permiso para ver esta lista de cursos.']
	at net.serenitybdd.screenplay.ErrorTally.throwSummaryExceptionFrom(ErrorTally.java:36)
	at net.serenitybdd.screenplay.ErrorTally.reportAnyErrors(ErrorTally.java:30)
	at net.serenitybdd.screenplay.Actor.should(Actor.java:301)
	at net.serenitybdd.screenplay.waits.WaitUntilTargetIsReady.performAs(WaitUntilTargetIsReady.java:27)
	at net.serenitybdd.screenplay.waits.WaitUntilTargetIsReady$ByteBuddy$liJGVh72.performAs$accessor$kFzGhvpo(Unknown Source)
	at sun.reflect.NativeMethodAccessorImpl.invoke0(Native Method)
	at sun.reflect.NativeMethodAccessorImpl.invoke(NativeMethodAccessorImpl.java:62)
	at sun.reflect.DelegatingMethodAccessorImpl.invoke(DelegatingMethodAccessorImpl.java:43)
	at java.lang.reflect.Method.invoke(Method.java:498)
	at net.thucydides.core.steps.StepInterceptor.invokeMethod(StepInterceptor.java:471)
	at net.thucydides.core.steps.StepInterceptor.runBaseObjectMethod(StepInterceptor.java:368)
	at net.thucydides.core.steps.StepInterceptor.intercept(StepInterceptor.java:73)
	at net.serenitybdd.screenplay.waits.WaitUntilTargetIsReady$ByteBuddy$liJGVh72.performAs(Unknown Source)
	at net.serenitybdd.screenplay.Actor.performTask(Actor.java:233)
	at net.serenitybdd.screenplay.Actor.perform(Actor.java:214)
	at net.serenitybdd.screenplay.Actor.performSilently(Actor.java:194)
	at net.serenitybdd.screenplay.Actor.attemptsTo(Actor.java:167)
	at co.com.choucair.certification.proyectobase.tasks.Search.performAs(Search.java:26)
	at co.com.choucair.certification.proyectobase.tasks.Search$ByteBuddy$pkBeAJWQ.performAs$accessor$S7ocx6Ou(Unknown Source)
	at sun.reflect.NativeMethodAccessorImpl.invoke0(Native Method)
	at sun.reflect.NativeMethodAccessorImpl.invoke(NativeMethodAccessorImpl.java:62)
	at sun.reflect.DelegatingMethodAccessorImpl.invoke(DelegatingMethodAccessorImpl.java:43)
	at java.lang.reflect.Method.invoke(Method.java:498)
	at net.thucydides.core.steps.StepInterceptor.invokeMethod(StepInterceptor.java:471)
	at net.thucydides.core.steps.StepInterceptor.executeTestStepMethod(StepInterceptor.java:451)
	at net.thucydides.core.steps.StepInterceptor.runTestStep(StepInterceptor.java:424)
	at net.thucydides.core.steps.StepInterceptor.runOrSkipMethod(StepInterceptor.java:180)
	at net.thucydides.core.steps.StepInterceptor.testStepResult(StepInterceptor.java:167)
	at net.thucydides.core.steps.StepInterceptor.intercept(StepInterceptor.java:75)
	at co.com.choucair.certification.proyectobase.tasks.Search$ByteBuddy$pkBeAJWQ.performAs(Unknown Source)
	at net.serenitybdd.screenplay.Actor.performTask(Actor.java:233)
	at net.serenitybdd.screenplay.Actor.perform(Actor.java:214)
	at net.serenitybdd.screenplay.Actor.attemptsTo(Actor.java:171)
	at co.com.choucair.certification.proyectobase.stepdefinitions.ChoucairAcademyStepDefintions.heSearchForTheCourseRecursosAutomatizacionBancolombiaOnTheChoucairAcademyPlaform(ChoucairAcademyStepDefintions.java:27)
	at ✽.he search for the course Recursos Automatizacion Bancolombia on the choucair academy plaform(src/test/resources/features/academyChoucair.feature:8)
</failure>
  </testcase>
  <system-out><![CDATA[]]></system-out>
  <system-err><![CDATA[[Test worker] WARN net.thucydides.core.steps.BaseStepListener - stepStarted: net.thucydides.core.steps.ExecutedStepDescription@392c546c
[Test worker] WARN net.thucydides.core.steps.BaseStepListener - stepStarted: net.thucydides.core.steps.ExecutedStepDescription@5f775926
[Test worker] WARN net.thucydides.core.steps.BaseStepListener - stepStarted: net.thucydides.core.steps.ExecutedStepDescription@727a617b
dic 03, 2020 10:40:06 PM org.openqa.selenium.remote.DesiredCapabilities chrome
INFORMACIÓN: Using `new ChromeOptions()` is preferred to `DesiredCapabilities.chrome()`
[Test worker] INFO net.serenitybdd.core.webdriver.driverproviders.ProvideNewDriver - Instantiating driver
[Test worker] INFO net.serenitybdd.core.webdriver.driverproviders.ProvideNewDriver - Driver capabilities: Capabilities {acceptInsecureCerts: false, browserName: chrome, chrome.switches: --start-maximized, goog:chromeOptions: {args: [--start-maximized], extensions: []}, loggingPrefs: org.openqa.selenium.logging..., platform: ANY, version: }
Starting ChromeDriver 87.0.4280.88 (89e2380a3e36c3464b5dd1302349b1382549290d-refs/branch-heads/4280@{#1761}) on port 28969
Only local connections are allowed.
Please see https://chromedriver.chromium.org/security-considerations for suggestions on keeping ChromeDriver safe.
ChromeDriver was started successfully.
dic 03, 2020 10:40:14 PM org.openqa.selenium.remote.ProtocolHandshake createSession
INFORMACIÓN: Detected dialect: W3C
[Test worker] WARN net.thucydides.core.steps.BaseStepListener - stepFinished: current outcome:Search for a automation course:Given Than Brayan wants to learn automation at the academy Choucair [Brayan open up [Brayan opens the Choucair academy page]]
[Test worker] WARN net.thucydides.core.steps.BaseStepListener - stepFinished: current outcome:Search for a automation course:Given Than Brayan wants to learn automation at the academy Choucair [Brayan open up [Brayan opens the Choucair academy page]]
[Test worker] WARN net.thucydides.core.steps.BaseStepListener - stepStarted: net.thucydides.core.steps.ExecutedStepDescription@3aa93d93
[Test worker] WARN net.thucydides.core.steps.BaseStepListener - stepStarted: net.thucydides.core.steps.ExecutedStepDescription@556c7fe
[Test worker] WARN net.thucydides.core.steps.BaseStepListener - stepFinished: current outcome:Search for a automation course:Given Than Brayan wants to learn automation at the academy Choucair [Brayan open up [Brayan opens the Choucair academy page], Brayan login [Brayan clicks on button that shows us the form to login]]
[Test worker] WARN net.thucydides.core.steps.BaseStepListener - stepStarted: net.thucydides.core.steps.ExecutedStepDescription@70f640c0
[Test worker] WARN net.thucydides.core.steps.BaseStepListener - stepFinished: current outcome:Search for a automation course:Given Than Brayan wants to learn automation at the academy Choucair [Brayan open up [Brayan opens the Choucair academy page], Brayan login [Brayan clicks on button that shows us the form to login, Brayan enters '1037644784' into where do we write the user]]
[Test worker] WARN net.thucydides.core.steps.BaseStepListener - stepStarted: net.thucydides.core.steps.ExecutedStepDescription@2dced538
[Test worker] WARN net.thucydides.core.steps.BaseStepListener - stepFinished: current outcome:Search for a automation course:Given Than Brayan wants to learn automation at the academy Choucair [Brayan open up [Brayan opens the Choucair academy page], Brayan login [Brayan clicks on button that shows us the form to login, Brayan enters '1037644784' into where do we write the user, Brayan enters 'Choucair2020*' into where do we write the password]]
[Test worker] WARN net.thucydides.core.steps.BaseStepListener - stepStarted: net.thucydides.core.steps.ExecutedStepDescription@77b1bb06
[Test worker] WARN net.thucydides.core.steps.BaseStepListener - stepFinished: current outcome:Search for a automation course:Given Than Brayan wants to learn automation at the academy Choucair [Brayan open up [Brayan opens the Choucair academy page], Brayan login [Brayan clicks on button that shows us the form to login, Brayan enters '1037644784' into where do we write the user, Brayan enters 'Choucair2020*' into where do we write the password, Brayan clicks on button to confirm login]]
[Test worker] WARN net.thucydides.core.steps.BaseStepListener - stepFinished: current outcome:Search for a automation course:Given Than Brayan wants to learn automation at the academy Choucair [Brayan open up [Brayan opens the Choucair academy page], Brayan login [Brayan clicks on button that shows us the form to login, Brayan enters '1037644784' into where do we write the user, Brayan enters 'Choucair2020*' into where do we write the password, Brayan clicks on button to confirm login]]
[Test worker] WARN net.thucydides.core.steps.BaseStepListener - stepFinished: current outcome:Search for a automation course:Given Than Brayan wants to learn automation at the academy Choucair [Brayan open up [Brayan opens the Choucair academy page], Brayan login [Brayan clicks on button that shows us the form to login, Brayan enters '1037644784' into where do we write the user, Brayan enters 'Choucair2020*' into where do we write the password, Brayan clicks on button to confirm login]]
[Test worker] WARN net.thucydides.core.steps.BaseStepListener - stepStarted: net.thucydides.core.steps.ExecutedStepDescription@2cef41cf
[Test worker] WARN net.thucydides.core.steps.BaseStepListener - stepStarted: net.thucydides.core.steps.ExecutedStepDescription@78a97cbd
[Test worker] WARN net.thucydides.core.steps.BaseStepListener - stepStarted: net.thucydides.core.steps.ExecutedStepDescription@4a549aca
[Test worker] WARN net.thucydides.core.steps.BaseStepListener - stepFinished: current outcome:Search for a automation course:Given Than Brayan wants to learn automation at the academy Choucair [Brayan open up [Brayan opens the Choucair academy page], Brayan login [Brayan clicks on button that shows us the form to login, Brayan enters '1037644784' into where do we write the user, Brayan enters 'Choucair2020*' into where do we write the password, Brayan clicks on button to confirm login]], When he search for the course Recursos Automatizacion Bancolombia on the choucair academy plaform [Brayan search [Brayan clicks on Selecciona la universidad chocair]]
[Test worker] WARN net.thucydides.core.steps.BaseStepListener - stepStarted: net.thucydides.core.steps.ExecutedStepDescription@32e804fe
[Test worker] WARN net.thucydides.core.steps.BaseStepListener - testFinished: Search for a automation course:Given Than Brayan wants to learn automation at the academy Choucair [Brayan open up [Brayan opens the Choucair academy page], Brayan login [Brayan clicks on button that shows us the form to login, Brayan enters '1037644784' into where do we write the user, Brayan enters 'Choucair2020*' into where do we write the password, Brayan clicks on button to confirm login]], When he search for the course Recursos Automatizacion Bancolombia on the choucair academy plaform [Brayan search [Brayan clicks on Selecciona la universidad chocair]], Then he finds the course called resources Recursos Automatizacion Bancolombia
[Test worker] WARN net.thucydides.core.steps.BaseStepListener - TestOutcomes: [Search for a automation course:Given Than Brayan wants to learn automation at the academy Choucair [Brayan open up [Brayan opens the Choucair academy page], Brayan login [Brayan clicks on button that shows us the form to login, Brayan enters '1037644784' into where do we write the user, Brayan enters 'Choucair2020*' into where do we write the password, Brayan clicks on button to confirm login]], When he search for the course Recursos Automatizacion Bancolombia on the choucair academy plaform [Brayan search [Brayan clicks on Selecciona la universidad chocair]], Then he finds the course called resources Recursos Automatizacion Bancolombia]
[Test worker] WARN net.thucydides.core.steps.BaseStepListener - Final testOutcomes: [Search for a automation course:Given Than Brayan wants to learn automation at the academy Choucair [Brayan open up [Brayan opens the Choucair academy page], Brayan login [Brayan clicks on button that shows us the form to login, Brayan enters '1037644784' into where do we write the user, Brayan enters 'Choucair2020*' into where do we write the password, Brayan clicks on button to confirm login]], When he search for the course Recursos Automatizacion Bancolombia on the choucair academy plaform [Brayan search [Brayan clicks on Selecciona la universidad chocair]], Then he finds the course called resources Recursos Automatizacion Bancolombia]
[Test worker] ERROR net.thucydides.core.steps.ConsoleLoggingListener - 
           __  _____ _____ ____ _____   _____ _    ___ _     _____ ____  
  _       / / |_   _| ____/ ___|_   _| |  ___/ \  |_ _| |   | ____|  _ \ 
 (_)_____| |    | | |  _| \___ \ | |   | |_ / _ \  | || |   |  _| | | | |
  _|_____| |    | | | |___ ___) || |   |  _/ ___ \ | || |___| |___| |_| |
 (_)     | |    |_| |_____|____/ |_|   |_|/_/   \_\___|_____|_____|____/ 
          \_\                                                            

TEST FAILED: Search for a automation course
--------------------------------------------------------------------------
[Test worker] ERROR net.thucydides.core.steps.ConsoleLoggingListener - TEST FAILED AT STEP Brayan search
[Test worker] ERROR net.thucydides.core.steps.ConsoleLoggingListener - Expected: an element that is visible but: no matching element found by xpath: p[text()='Usted no tiene permiso para ver esta lista de cursos.']
]]></system-err>
</testsuite>
